[debug] [2018-09-01T09:12:29.157Z] ----------------------------------------------------------------------
[debug] [2018-09-01T09:12:29.160Z] Command:       /usr/local/bin/node /usr/local/bin/firebase init
[debug] [2018-09-01T09:12:29.160Z] CLI Version:   3.18.4
[debug] [2018-09-01T09:12:29.160Z] Platform:      darwin
[debug] [2018-09-01T09:12:29.160Z] Node Version:  v8.9.4
[debug] [2018-09-01T09:12:29.161Z] Time:          Sat Sep 01 2018 14:42:29 GMT+0530 (IST)
[debug] [2018-09-01T09:12:29.161Z] ----------------------------------------------------------------------
[debug] 
[debug] [2018-09-01T09:12:29.175Z] > command requires scopes: ["email","openid","https://www.googleapis.com/auth/cloudplatformprojects.readonly","https://www.googleapis.com/auth/firebase"]
[debug] [2018-09-01T09:12:29.175Z] > authorizing via signed-in user
[info] 
     🔥🔥🔥🔥🔥🔥🔥🔥 🔥🔥🔥🔥 🔥🔥🔥🔥🔥🔥🔥🔥  🔥🔥🔥🔥🔥🔥🔥🔥 🔥🔥🔥🔥🔥🔥🔥🔥     🔥🔥🔥     🔥🔥🔥🔥🔥🔥  🔥🔥🔥🔥🔥🔥🔥🔥
     🔥🔥        🔥🔥  🔥🔥     🔥🔥 🔥🔥       🔥🔥     🔥🔥  🔥🔥   🔥🔥  🔥🔥       🔥🔥
     🔥🔥🔥🔥🔥🔥    🔥🔥  🔥🔥🔥🔥🔥🔥🔥🔥  🔥🔥🔥🔥🔥🔥   🔥🔥🔥🔥🔥🔥🔥🔥  🔥🔥🔥🔥🔥🔥🔥🔥🔥  🔥🔥🔥🔥🔥🔥  🔥🔥🔥🔥🔥🔥
     🔥🔥        🔥🔥  🔥🔥    🔥🔥  🔥🔥       🔥🔥     🔥🔥 🔥🔥     🔥🔥       🔥🔥 🔥🔥
     🔥🔥       🔥🔥🔥🔥 🔥🔥     🔥🔥 🔥🔥🔥🔥🔥🔥🔥🔥 🔥🔥🔥🔥🔥🔥🔥🔥  🔥🔥     🔥🔥  🔥🔥🔥🔥🔥🔥  🔥🔥🔥🔥🔥🔥🔥🔥

You're about to initialize a Firebase project in this directory:

  /Users/Sayz/Documents/TRIDZ/kirana-web

Before we get started, keep in mind:

  * You are initializing in an existing Firebase project directory

[info] 
=== Project Setup
[info] 
[info] First, let's associate this project directory with a Firebase project.
[info] You can create multiple project aliases by running firebase use --add, 
[info] but for now we'll just set up a default project.
[info] 
[debug] [2018-09-01T09:12:31.487Z] > refreshing access token with scopes: ["email","https://www.googleapis.com/auth/cloudplatformprojects.readonly","https://www.googleapis.com/auth/firebase","openid"]
[debug] [2018-09-01T09:12:31.488Z] >>> HTTP REQUEST POST https://www.googleapis.com/oauth2/v3/token  
 { refresh_token: '1/gcANqvpq9uQsBD3iUYH1gzlQCtEhiqYN6I2TgHBLa8xZwlQfBrBzhybjJdrGPubR',
  client_id: '563584335869-fgrhgmd47bqnekij5i8b5pr03ho849e6.apps.googleusercontent.com',
  client_secret: 'j9iVZfS8kkCEFUPaAeJV0sAi',
  grant_type: 'refresh_token',
  scope: 'email https://www.googleapis.com/auth/cloudplatformprojects.readonly https://www.googleapis.com/auth/firebase openid' } 
 Sat Sep 01 2018 14:42:31 GMT+0530 (IST)
[debug] [2018-09-01T09:12:35.061Z] <<< HTTP RESPONSE 200
[debug] [2018-09-01T09:12:35.108Z] >>> HTTP REQUEST GET https://admin.firebase.com/v1/projects  
  
 Sat Sep 01 2018 14:42:35 GMT+0530 (IST)
[debug] [2018-09-01T09:12:37.808Z] <<< HTTP RESPONSE 200
[info] i  .firebaserc already has a default project, skipping
[info] 
=== Hosting Setup
[info] 
[info] Your public directory is the folder (relative to your project directory) that
[info] will contain Hosting assets to be uploaded with firebase deploy. If you
[info] have a build process for your assets, use your build's output directory.
[info] 
